[debug] [2022-08-19T04:01:06.051Z] ----------------------------------------------------------------------
[debug] [2022-08-19T04:01:06.052Z] Command:       /usr/bin/node /usr/bin/firebase init
[debug] [2022-08-19T04:01:06.053Z] CLI Version:   11.7.0
[debug] [2022-08-19T04:01:06.053Z] Platform:      linux
[debug] [2022-08-19T04:01:06.053Z] Node Version:  v18.7.0
[debug] [2022-08-19T04:01:06.053Z] Time:          Fri Aug 19 2022 09:31:06 GMT+0530 (India Standard Time)
[debug] [2022-08-19T04:01:06.053Z] ----------------------------------------------------------------------
[debug] 
[debug] [2022-08-19T04:01:06.057Z] > command requires scopes: ["email","openid","https://www.googleapis.com/auth/cloudplatformprojects.readonly","https://www.googleapis.com/auth/firebase","https://www.googleapis.com/auth/cloud-platform"]
[debug] [2022-08-19T04:01:06.058Z] > authorizing via signed-in user (acharyaswathi999@gmail.com)
[info] 
     ######## #### ########  ######## ########     ###     ######  ########
     ##        ##  ##     ## ##       ##     ##  ##   ##  ##       ##
     ######    ##  ########  ######   ########  #########  ######  ######
     ##        ##  ##    ##  ##       ##     ## ##     ##       ## ##
     ##       #### ##     ## ######## ########  ##     ##  ######  ########

You're about to initialize a Firebase project in this directory:

  /home/acer/Workspace/MyWebsite/SwathiPortfolio/swathi-portfolio

[info] 
=== Project Setup
[info] 
[info] First, let's associate this project directory with a Firebase project.
[info] You can create multiple project aliases by running firebase use --add, 
[info] but for now we'll just set up a default project.
[info] 
[debug] [2022-08-19T04:01:21.008Z] >>> [apiv2][query] GET https://firebase.googleapis.com/v1beta1/projects pageSize=100
[debug] [2022-08-19T04:01:22.158Z] <<< [apiv2][status] GET https://firebase.googleapis.com/v1beta1/projects 200
[debug] [2022-08-19T04:01:22.158Z] <<< [apiv2][body] GET https://firebase.googleapis.com/v1beta1/projects [omitted]
[info] i  Using project resumehosting-626c1 (ResumeHosting) 
[info] 
=== Hosting Setup
[info] 
[info] Your public directory is the folder (relative to your project directory) that
[info] will contain Hosting assets to be uploaded with firebase deploy. If you
[info] have a build process for your assets, use your build's output directory.
[info] 
[debug] [2022-08-19T04:01:51.438Z] >>> [apiv2][query] GET https://www.gstatic.com/firebasejs/releases.json [none]
[debug] [2022-08-19T04:01:51.680Z] <<< [apiv2][status] GET https://www.gstatic.com/firebasejs/releases.json 200
[debug] [2022-08-19T04:01:51.680Z] <<< [apiv2][body] GET https://www.gstatic.com/firebasejs/releases.json {"current":{"version":"9.9.3","browserURL":"https://www.gstatic.com/firebasejs/9.9.3/firebase.js","packageURL":"https://www.gstatic.com/firebasejs/9.9.3/firebase.tgz"},"live":{"version":"9.9","browserURL":"https://www.gstatic.com/firebasejs/live/9.9/firebase.js","packageURL":"https://www.gstatic.com/firebasejs/live/9.9/firebase.tgz"},"components":{"analytics":"https://www.gstatic.com/firebasejs/9.9.3/firebase-analytics.js","app":"https://www.gstatic.com/firebasejs/9.9.3/firebase-app.js","app-check":"https://www.gstatic.com/firebasejs/9.9.3/firebase-app-check.js","auth":"https://www.gstatic.com/firebasejs/9.9.3/firebase-auth.js","auth/cordova":"https://www.gstatic.com/firebasejs/9.9.3/firebase-auth/cordova.js","auth/react-native":"https://www.gstatic.com/firebasejs/9.9.3/firebase-auth/react-native.js","functions":"https://www.gstatic.com/firebasejs/9.9.3/firebase-functions.js","firestore":"https://www.gstatic.com/firebasejs/9.9.3/firebase-firestore.js","firestore/lite":"https://www.gstatic.com/firebasejs/9.9.3/firebase-firestore/lite.js","installations":"https://www.gstatic.com/firebasejs/9.9.3/firebase-installations.js","storage":"https://www.gstatic.com/firebasejs/9.9.3/firebase-storage.js","performance":"https://www.gstatic.com/firebasejs/9.9.3/firebase-performance.js","remote-config":"https://www.gstatic.com/firebasejs/9.9.3/firebase-remote-config.js","messaging":"https://www.gstatic.com/firebasejs/9.9.3/firebase-messaging.js","messaging/sw":"https://www.gstatic.com/firebasejs/9.9.3/firebase-messaging/sw.js","database":"https://www.gstatic.com/firebasejs/9.9.3/firebase-database.js","firestore.memory":"https://www.gstatic.com/firebasejs/9.9.3/firebase-firestore.memory.js"}}
[info] ✔  Wrote yes/index.html 
[info] 
[info] i  Detected a .git folder at /home/acer/Workspace/MyWebsite/SwathiPortfolio/swathi-portfolio 
[info] i  Authorizing with GitHub to upload your service account to a GitHub repository's secrets store. 
[info] 
[info] Visit this URL on this device to log in:
[info] https://github.com/login/oauth/authorize?client_id=89cf50f02ac6aaed3484&state=834515140&redirect_uri=http%3A%2F%2Flocalhost%3A9005&scope=read%3Auser%20repo%20public_repo
[info] 
[info] Waiting for authentication...
[debug] [2022-08-19T04:02:59.950Z] >>> [apiv2][query] POST https://github.com/login/oauth/access_token [none]
[debug] [2022-08-19T04:02:59.950Z] >>> [apiv2][body] POST https://github.com/login/oauth/access_token [stream]
[debug] [2022-08-19T04:03:00.615Z] <<< [apiv2][status] POST https://github.com/login/oauth/access_token 200
[debug] [2022-08-19T04:03:00.615Z] <<< [apiv2][body] POST https://github.com/login/oauth/access_token {"access_token":"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","token_type":"bearer","scope":"read:user,repo"}
[debug] [2022-08-19T04:03:00.625Z] >>> [apiv2][query] GET https://api.github.com/user [none]
[debug] [2022-08-19T04:03:01.283Z] <<< [apiv2][status] GET https://api.github.com/user 200
[debug] [2022-08-19T04:03:01.284Z] <<< [apiv2][body] GET https://api.github.com/user {"login":"swathiacharya","id":40931467,"node_id":"MDQ6VXNlcjQwOTMxNDY3","avatar_url":"https://avatars.githubusercontent.com/u/40931467?v=4","gravatar_id":"","url":"https://api.github.com/users/swathiacharya","html_url":"https://github.com/swathiacharya","followers_url":"https://api.github.com/users/swathiacharya/followers","following_url":"https://api.github.com/users/swathiacharya/following{/other_user}","gists_url":"https://api.github.com/users/swathiacharya/gists{/gist_id}","starred_url":"https://api.github.com/users/swathiacharya/starred{/owner}{/repo}","subscriptions_url":"https://api.github.com/users/swathiacharya/subscriptions","organizations_url":"https://api.github.com/users/swathiacharya/orgs","repos_url":"https://api.github.com/users/swathiacharya/repos","events_url":"https://api.github.com/users/swathiacharya/events{/privacy}","received_events_url":"https://api.github.com/users/swathiacharya/received_events","type":"User","site_admin":false,"name":"swathi acharya","company":null,"blog":"","location":null,"email":null,"hireable":null,"bio":"Programmer | Bibliophile | Skilled in Data Structures, Algorithm | \r\nJava | Sql | Python | Angular | ML Enthusiastic | Data Science |\r\n\r\n","twitter_username":null,"public_repos":23,"public_gists":0,"followers":0,"following":0,"created_at":"2018-07-08T07:13:34Z","updated_at":"2022-08-16T04:30:43Z","private_gists":2,"total_private_repos":10,"owned_private_repos":10,"disk_usage":56399,"collaborators":0,"two_factor_authentication":false,"plan":{"name":"free","space":976562499,"collaborators":0,"private_repos":10000}}
[info] 
[info] ✔  Success! Logged into GitHub as swathiacharya 
[info] 
